<?xml version="1.0" encoding="UTF-8" ?>
<testsuite errors="0" failures="0" hostname="samsoares-google-codeu-2780189" name="com.flatironschool.javacs.WikiPhilosophyTest" skipped="0" tests="1" time="5.553" timestamp="2016-06-21T17:37:28">
  <properties>
    <property name="java.vendor" value="Oracle Corporation" />
    <property name="env.LESSOPEN" value="| /usr/bin/lesspipe %s" />
    <property name="env.NVM_BIN" value="/home/ubuntu/.nvm/versions/node/v4.4.0/bin" />
    <property name="sun.java.launcher" value="SUN_STANDARD" />
    <property name="sun.management.compiler" value="HotSpot 64-Bit Tiered Compilers" />
    <property name="env._system_arch" value="x86_64" />
    <property name="env.PORT" value="8080" />
    <property name="env.TMUX_PANE" value="%0" />
    <property name="env.GEM_HOME" value="/usr/local/rvm/gems/ruby-2.2.1" />
    <property name="os.name" value="Linux" />
    <property name="sun.boot.class.path" value="/usr/lib/jvm/java-7-openjdk-amd64/jre/lib/resources.jar:/usr/lib/jvm/java-7-openjdk-amd64/jre/lib/rt.jar:/usr/lib/jvm/java-7-openjdk-amd64/jre/lib/sunrsasign.jar:/usr/lib/jvm/java-7-openjdk-amd64/jre/lib/jsse.jar:/usr/lib/jvm/java-7-openjdk-amd64/jre/lib/jce.jar:/usr/lib/jvm/java-7-openjdk-amd64/jre/lib/charsets.jar:/usr/lib/jvm/java-7-openjdk-amd64/jre/lib/rhino.jar:/usr/lib/jvm/java-7-openjdk-amd64/jre/lib/jfr.jar:/usr/lib/jvm/java-7-openjdk-amd64/jre/classes" />
    <property name="env.PWD" value="/home/ubuntu/workspace/cs-wikipedia-philosophy-lab-codeU" />
    <property name="env.LANG" value="C" />
    <property name="java.vm.specification.vendor" value="Oracle Corporation" />
    <property name="env.METEOR_PORT" value="8080" />
    <property name="ant.home" value="/usr/share/ant" />
    <property name="env.METEOR_IP" value="0.0.0.0" />
    <property name="java.runtime.version" value="1.7.0_95-b00" />
    <property name="env.MY_RUBY_HOME" value="/usr/local/rvm/rubies/ruby-2.2.1" />
    <property name="env.GOPATH" value="/home/ubuntu/workspace" />
    <property name="env.NVM_CD_FLAGS" value="" />
    <property name="env.rvm_version" value="1.26.11 (latest)" />
    <property name="user.name" value="ubuntu" />
    <property name="env._" value="/usr/local/rvm/gems/ruby-2.2.1/bin/learn-test" />
    <property name="env.USER" value="ubuntu" />
    <property name="env.BASH_FUNC__gnomeopen%%" value="() {  if [ -e &quot;$@&quot; ]; then&#xa; c9 &quot;$@&quot;;&#xa; return;&#xa; fi;&#xa; command xdg-open &quot;$@&quot;&#xa;}" />
    <property name="env.SHELL" value="/bin/bash" />
    <property name="env.NODE_PATH" value="/mnt/shared/lib/node_modules" />
    <property name="env.C9_FULLNAME" value="Samuel Soares" />
    <property name="env.C9_UID" value="498580" />
    <property name="env.C9_EMAIL" value="samsoares@outlook.com" />
    <property name="env._system_type" value="Linux" />
    <property name="env.PATH" value="/home/ubuntu/.nvm/versions/node/v4.4.0/bin:/usr/local/rvm/gems/ruby-2.2.1/bin:/usr/local/rvm/gems/ruby-2.2.1@global/bin:/usr/local/rvm/rubies/ruby-2.2.1/bin:/mnt/shared/bin:/home/ubuntu/workspace/node_modules/.bin:/home/ubuntu/bin:/usr/local/sbin:/usr/local/bin:/usr/sbin:/usr/bin:/sbin:/bin:/mnt/shared/sbin:/opt/gitl:/opt/go/bin:/mnt/shared/c9/app.nw/bin:/usr/local/rvm/bin" />
    <property name="user.language" value="en" />
    <property name="env.rvm_prefix" value="/usr/local" />
    <property name="sun.boot.library.path" value="/usr/lib/jvm/java-7-openjdk-amd64/jre/lib/amd64" />
    <property name="env.SSH_CONNECTION" value="::ffff:10.240.0.167 57934 ::ffff:172.17.33.216 22" />
    <property name="ant.project.default-target" value="build" />
    <property name="ant.project.name" value="JavaCS" />
    <property name="env.rvm_path" value="/usr/local/rvm" />
    <property name="env.BASH_FUNC__xdgopen%%" value="() {  if [ -e &quot;$@&quot; ]; then&#xa; c9 &quot;$@&quot;;&#xa; return;&#xa; fi;&#xa; command xdg-open &quot;$@&quot;&#xa;}" />
    <property name="env.RUBY_VERSION" value="ruby-2.2.1" />
    <property name="java.version" value="1.7.0_95" />
    <property name="env.SSH_CLIENT" value="::ffff:10.240.0.167 57934 22" />
    <property name="user.timezone" value="" />
    <property name="sun.arch.data.model" value="64" />
    <property name="env._system_name" value="Ubuntu" />
    <property name="java.endorsed.dirs" value="/usr/lib/jvm/java-7-openjdk-amd64/jre/lib/endorsed" />
    <property name="sun.cpu.isalist" value="" />
    <property name="sun.jnu.encoding" value="UTF-8" />
    <property name="env.rvm_bin_path" value="/usr/local/rvm/bin" />
    <property name="file.encoding.pkg" value="sun.io" />
    <property name="env.SHLVL" value="4" />
    <property name="file.separator" value="/" />
    <property name="env._system_version" value="14.04" />
    <property name="java.specification.name" value="Java Platform API Specification" />
    <property name="java.class.version" value="51.0" />
    <property name="env.C9_PID" value="2780189" />
    <property name="ant.file.JavaCS" value="/home/ubuntu/workspace/cs-wikipedia-philosophy-lab-codeU/javacs-lab05/build.xml" />
    <property name="java.home" value="/usr/lib/jvm/java-7-openjdk-amd64/jre" />
    <property name="env.IP" value="0.0.0.0" />
    <property name="java.vm.info" value="mixed mode" />
    <property name="env.LOGNAME" value="ubuntu" />
    <property name="ant.file" value="/home/ubuntu/workspace/cs-wikipedia-philosophy-lab-codeU/javacs-lab05/build.xml" />
    <property name="os.version" value="4.2.0-c9" />
    <property name="env.APACHE_RUN_USER" value="ubuntu" />
    <property name="path.separator" value=":" />
    <property name="env._ORIGINAL_GEM_PATH" value="/usr/local/rvm/gems/ruby-2.2.1:/usr/local/rvm/gems/ruby-2.2.1@global" />
    <property name="java.vm.version" value="24.95-b01" />
    <property name="env.C9_IP" value="0.0.0.0" />
    <property name="env.LANGUAGE" value="C.UTF-8" />
    <property name="env.PHPRC" value="/home/ubuntu/workspace" />
    <property name="ant.library.dir" value="/usr/share/ant/lib" />
    <property name="env.rvm_silence_path_mismatch_check_flag" value="1" />
    <property name="env.GOROOT" value="/opt/go" />
    <property name="env.APACHE_RUN_DIR" value="/home/ubuntu/lib/apache2/run" />
    <property name="env.NVM_NODEJS_ORG_MIRROR" value="https://nodejs.org/dist" />
    <property name="junit.output.dir" value="junit" />
    <property name="env.APACHE_RUN_GROUP" value="ubuntu" />
    <property name="env.IRBRC" value="/usr/local/rvm/rubies/ruby-2.2.1/.irbrc" />
    <property name="java.awt.printerjob" value="sun.print.PSPrinterJob" />
    <property name="env.TERM" value="screen" />
    <property name="sun.io.unicode.encoding" value="UnicodeLittle" />
    <property name="awt.toolkit" value="sun.awt.X11.XToolkit" />
    <property name="env.MANPATH" value="/home/ubuntu/.nvm/versions/node/v4.4.0/share/man:/usr/local/rvm/rubies/ruby-2.2.1/share/man:/usr/local/man:/usr/local/share/man:/usr/share/man:/usr/local/rvm/man" />
    <property name="env.GEM_PATH" value="/usr/local/rvm/gems/ruby-2.2.1:/usr/local/rvm/gems/ruby-2.2.1@global" />
    <property name="env.EMAIL" value="samsoares@outlook.com" />
    <property name="env.C9_SH_EXECUTED" value="1" />
    <property name="user.home" value="/home/ubuntu" />
    <property name="target" value="1.7" />
    <property name="env.OLDPWD" value="/home/ubuntu/workspace/cs-wikipedia-philosophy-lab-codeU/javacs-lab05" />
    <property name="java.specification.vendor" value="Oracle Corporation" />
    <property name="java.library.path" value="~/.c9/local/lib:/usr/java/packages/lib/amd64:/usr/lib/x86_64-linux-gnu/jni:/lib/x86_64-linux-gnu:/usr/lib/x86_64-linux-gnu:/usr/lib/jni:/lib:/usr/lib" />
    <property name="java.vendor.url" value="http://java.oracle.com/" />
    <property name="java.vm.vendor" value="Oracle Corporation" />
    <property name="env.C9_PROJECT" value="google-codeu" />
    <property name="java.runtime.name" value="OpenJDK Runtime Environment" />
    <property name="ant.version" value="Apache Ant(TM) version 1.9.3 compiled on April 8 2014" />
    <property name="java.class.path" value="/home/ubuntu/workspace/cs-wikipedia-philosophy-lab-codeU/javacs-lab05/bin:/home/ubuntu/workspace/cs-wikipedia-philosophy-lab-codeU/javacs-lab05/lib/jsoup-1.8.3.jar:/home/ubuntu/workspace/cs-wikipedia-philosophy-lab-codeU/javacs-lab05/lib/junit-4.12.jar:/home/ubuntu/workspace/cs-wikipedia-philosophy-lab-codeU/javacs-lab05/lib/hamcrest-core-1.3.jar:/usr/share/ant/lib/junit.jar:/usr/share/java/ant-launcher-1.9.3.jar:/usr/share/ant/lib/ant.jar:/usr/share/ant/lib/ant-junit.jar:/usr/share/ant/lib/ant-junit4.jar" />
    <property name="sun.java.command" value="org.apache.tools.ant.taskdefs.optional.junit.JUnitTestRunner com.flatironschool.javacs.WikiPhilosophyTest skipNonTests=false filtertrace=true haltOnError=false haltOnFailure=false formatter=org.apache.tools.ant.taskdefs.optional.junit.OutErrSummaryJUnitResultFormatter showoutput=false outputtoformatters=true logfailedtests=true logtestlistenerevents=false formatter=org.apache.tools.ant.taskdefs.optional.junit.XMLJUnitResultFormatter,/home/ubuntu/workspace/cs-wikipedia-philosophy-lab-codeU/javacs-lab05/junit/TEST-com.flatironschool.javacs.WikiPhilosophyTest.xml formatter=org.apache.tools.ant.taskdefs.optional.junit.PlainJUnitResultFormatter crashfile=/home/ubuntu/workspace/cs-wikipedia-philosophy-lab-codeU/javacs-lab05/junitvmwatcher4755770309864144494.properties propsfile=/home/ubuntu/workspace/cs-wikipedia-philosophy-lab-codeU/javacs-lab05/junit8301864410883601588.properties" />
    <property name="ant.file.type.JavaCS" value="file" />
    <property name="java.vm.specification.name" value="Java Virtual Machine Specification" />
    <property name="ant.file.type" value="file" />
    <property name="env.TMUX" value="/tmp/tmux-1000/cloud91.8,514,0" />
    <property name="java.vm.specification.version" value="1.7" />
    <property name="sun.cpu.endian" value="little" />
    <property name="sun.os.patch.level" value="unknown" />
    <property name="debuglevel" value="source,lines,vars" />
    <property name="env.HOME" value="/home/ubuntu" />
    <property name="env.HGUSER" value="Samuel Soares" />
    <property name="env.LD_LIBRARY_PATH" value="~/.c9/local/lib" />
    <property name="java.io.tmpdir" value="/tmp" />
    <property name="java.vendor.url.bug" value="http://bugreport.sun.com/bugreport/" />
    <property name="env.NVM_PATH" value="/home/ubuntu/.nvm/versions/node/v4.4.0/lib/node" />
    <property name="env.APACHE_LOCK_DIR" value="/home/ubuntu/lib/apache2/lock" />
    <property name="env.ISOUTPUTPANE" value="0" />
    <property name="env.C9_PORT" value="8080" />
    <property name="java.awt.graphicsenv" value="sun.awt.X11GraphicsEnvironment" />
    <property name="os.arch" value="amd64" />
    <property name="java.ext.dirs" value="/usr/lib/jvm/java-7-openjdk-amd64/jre/lib/ext:/usr/java/packages/lib/ext" />
    <property name="user.dir" value="/home/ubuntu/workspace/cs-wikipedia-philosophy-lab-codeU" />
    <property name="env.C9_HOSTNAME" value="google-codeu-samsoares.c9users.io" />
    <property name="env.APACHE_PID_FILE" value="/home/ubuntu/lib/apache2/run/apache2.pid" />
    <property name="env.LC_ALL" value="C.UTF-8" />
    <property name="line.separator" value="&#xa;" />
    <property name="java.vm.name" value="OpenJDK 64-Bit Server VM" />
    <property name="env.NVM_IOJS_ORG_MIRROR" value="https://iojs.org/dist" />
    <property name="basedir" value="/home/ubuntu/workspace/cs-wikipedia-philosophy-lab-codeU/javacs-lab05" />
    <property name="env.APACHE_LOG_DIR" value="/home/ubuntu/lib/apache2/log" />
    <property name="ant.java.version" value="1.7" />
    <property name="ant.core.lib" value="/usr/share/ant/lib/ant.jar" />
    <property name="source" value="1.7" />
    <property name="env.C9_USER" value="samsoares" />
    <property name="file.encoding" value="UTF-8" />
    <property name="env.NVM_DIR" value="/home/ubuntu/.nvm" />
    <property name="env.C9_SHARED" value="/mnt/shared" />
    <property name="java.specification.version" value="1.7" />
    <property name="ant.project.invoked-targets" value="test" />
    <property name="env.LESSCLOSE" value="/usr/bin/lesspipe %s %s" />
  </properties>
  <testcase classname="com.flatironschool.javacs.WikiPhilosophyTest" name="testMain" time="5.433" />
  <system-out><![CDATA[Visited: https://en.wikipedia.org/wiki/Java_(programming_language)
Visited: https://en.wikipedia.org/wiki/Programming_language
Visited: https://en.wikipedia.org/wiki/Formal_language
Visited: https://en.wikipedia.org/wiki/Mathematics
Visited: https://en.wikipedia.org/wiki/Quantity
Visited: https://en.wikipedia.org/wiki/Property_(philosophy)
Visited: https://en.wikipedia.org/wiki/Philosophy
SUCCESS
]]></system-out>
  <system-err><![CDATA[]]></system-err>
</testsuite>
